2019-06-23 21:09:55,029 [Worker-5] INFO  c.g.t.t.d.PublishedGradleVersions - Gradle version information cache is out-of-date. Trying to update.
2019-06-23 21:15:33,135 [DefaultMetadataResolver-0-1] INFO  o.e.m.c.i.e.AbstractTransferListenerAdapter - Downloaded https://repo.spring.io/milestone/org/springframework/boot/spring-boot-starter-parent/2.2.0.BUILD-SNAPSHOT/maven-metadata.xml
2019-06-23 21:15:33,147 [DefaultMetadataResolver-0-0] INFO  o.e.m.c.i.e.AbstractTransferListenerAdapter - Downloading https://repo.spring.io/snapshot/org/springframework/boot/spring-boot-starter-parent/2.2.0.BUILD-SNAPSHOT/maven-metadata.xml
2019-06-23 21:15:33,325 [DefaultMetadataResolver-0-0] INFO  o.e.m.c.i.e.AbstractTransferListenerAdapter - Downloaded https://repo.spring.io/snapshot/org/springframework/boot/spring-boot-starter-parent/2.2.0.BUILD-SNAPSHOT/maven-metadata.xml
2019-06-23 21:15:33,475 [Worker-8] INFO  o.e.m.c.i.e.AbstractTransferListenerAdapter - Downloading https://repo.spring.io/snapshot/org/springframework/boot/spring-boot-starter-parent/2.2.0.BUILD-SNAPSHOT/spring-boot-starter-parent-2.2.0.BUILD-20190621.200922-381.pom
2019-06-23 21:15:33,651 [Worker-8] INFO  o.e.m.c.i.e.AbstractTransferListenerAdapter - Downloaded https://repo.spring.io/snapshot/org/springframework/boot/spring-boot-starter-parent/2.2.0.BUILD-SNAPSHOT/spring-boot-starter-parent-2.2.0.BUILD-20190621.200922-381.pom
2019-06-23 21:15:33,809 [DefaultMetadataResolver-1-0] INFO  o.e.m.c.i.e.AbstractTransferListenerAdapter - Downloading https://repo.spring.io/snapshot/org/springframework/boot/spring-boot-dependencies/2.2.0.BUILD-SNAPSHOT/maven-metadata.xml
2019-06-23 21:15:33,957 [DefaultMetadataResolver-1-1] INFO  o.e.m.c.i.e.AbstractTransferListenerAdapter - Downloaded https://repo.spring.io/milestone/org/springframework/boot/spring-boot-dependencies/2.2.0.BUILD-SNAPSHOT/maven-metadata.xml
2019-06-23 21:15:33,964 [DefaultMetadataResolver-1-0] INFO  o.e.m.c.i.e.AbstractTransferListenerAdapter - Downloaded https://repo.spring.io/snapshot/org/springframework/boot/spring-boot-dependencies/2.2.0.BUILD-SNAPSHOT/maven-metadata.xml
2019-06-23 21:15:34,102 [Worker-8] INFO  o.e.m.c.i.e.AbstractTransferListenerAdapter - Downloading https://repo.spring.io/snapshot/org/springframework/boot/spring-boot-dependencies/2.2.0.BUILD-SNAPSHOT/spring-boot-dependencies-2.2.0.BUILD-20190621.200846-381.pom
2019-06-23 21:15:34,414 [Worker-8] INFO  o.e.m.c.i.e.AbstractTransferListenerAdapter - Downloaded https://repo.spring.io/snapshot/org/springframework/boot/spring-boot-dependencies/2.2.0.BUILD-SNAPSHOT/spring-boot-dependencies-2.2.0.BUILD-20190621.200846-381.pom
2019-06-23 21:15:34,697 [Worker-8] INFO  o.e.m.c.i.e.AbstractTransferListenerAdapter - Downloaded https://repo.spring.io/snapshot/io/projectreactor/reactor-bom/Dysprosium-M2/reactor-bom-Dysprosium-M2.pom
2019-06-23 21:15:34,942 [Worker-8] INFO  o.e.m.c.i.e.AbstractTransferListenerAdapter - Downloading https://repo.spring.io/milestone/io/projectreactor/reactor-bom/Dysprosium-M2/reactor-bom-Dysprosium-M2.pom
2019-06-23 21:15:35,099 [Worker-8] INFO  o.e.m.c.i.e.AbstractTransferListenerAdapter - Downloaded https://repo.spring.io/milestone/io/projectreactor/reactor-bom/Dysprosium-M2/reactor-bom-Dysprosium-M2.pom
2019-06-23 21:15:35,321 [Worker-8] INFO  o.e.m.c.i.e.AbstractTransferListenerAdapter - Downloaded https://repo.spring.io/snapshot/org/glassfish/jersey/jersey-bom/2.28/jersey-bom-2.28.pom
2019-06-23 21:15:35,455 [Worker-8] INFO  o.e.m.c.i.e.AbstractTransferListenerAdapter - Downloaded https://repo.spring.io/milestone/org/glassfish/jersey/jersey-bom/2.28/jersey-bom-2.28.pom
2019-06-23 21:15:35,751 [Worker-8] INFO  o.e.m.c.i.e.AbstractTransferListenerAdapter - Downloading https://repo.maven.apache.org/maven2/org/glassfish/jersey/jersey-bom/2.28/jersey-bom-2.28.pom
2019-06-23 21:15:35,835 [Worker-8] INFO  o.e.m.c.i.e.AbstractTransferListenerAdapter - Downloaded https://repo.maven.apache.org/maven2/org/glassfish/jersey/jersey-bom/2.28/jersey-bom-2.28.pom
2019-06-23 21:15:36,074 [Worker-8] INFO  o.e.m.c.i.e.AbstractTransferListenerAdapter - Downloaded https://repo.spring.io/snapshot/org/jetbrains/kotlin/kotlin-bom/1.3.31/kotlin-bom-1.3.31.pom
2019-06-23 21:15:36,340 [Worker-8] INFO  o.e.m.c.i.e.AbstractTransferListenerAdapter - Downloaded https://repo.spring.io/milestone/org/jetbrains/kotlin/kotlin-bom/1.3.31/kotlin-bom-1.3.31.pom
2019-06-23 21:15:36,377 [Worker-8] INFO  o.e.m.c.i.e.AbstractTransferListenerAdapter - Downloading https://repo.maven.apache.org/maven2/org/jetbrains/kotlin/kotlin-bom/1.3.31/kotlin-bom-1.3.31.pom
2019-06-23 21:15:36,423 [Worker-8] INFO  o.e.m.c.i.e.AbstractTransferListenerAdapter - Downloaded https://repo.maven.apache.org/maven2/org/jetbrains/kotlin/kotlin-bom/1.3.31/kotlin-bom-1.3.31.pom
2019-06-23 21:15:36,692 [Worker-8] INFO  o.e.m.c.i.e.AbstractTransferListenerAdapter - Downloaded https://repo.spring.io/snapshot/org/junit/junit-bom/5.5.0-RC2/junit-bom-5.5.0-RC2.pom
2019-06-23 21:15:36,966 [Worker-8] INFO  o.e.m.c.i.e.AbstractTransferListenerAdapter - Downloaded https://repo.spring.io/milestone/org/junit/junit-bom/5.5.0-RC2/junit-bom-5.5.0-RC2.pom
2019-06-23 21:15:37,005 [Worker-8] INFO  o.e.m.c.i.e.AbstractTransferListenerAdapter - Downloading https://repo.maven.apache.org/maven2/org/junit/junit-bom/5.5.0-RC2/junit-bom-5.5.0-RC2.pom
2019-06-23 21:15:37,047 [Worker-8] INFO  o.e.m.c.i.e.AbstractTransferListenerAdapter - Downloaded https://repo.maven.apache.org/maven2/org/junit/junit-bom/5.5.0-RC2/junit-bom-5.5.0-RC2.pom
2019-06-23 21:15:37,287 [DefaultMetadataResolver-2-1] INFO  o.e.m.c.i.e.AbstractTransferListenerAdapter - Downloaded https://repo.spring.io/milestone/org/springframework/spring-framework-bom/5.2.0.BUILD-SNAPSHOT/maven-metadata.xml
2019-06-23 21:15:37,330 [DefaultMetadataResolver-2-0] INFO  o.e.m.c.i.e.AbstractTransferListenerAdapter - Downloading https://repo.spring.io/snapshot/org/springframework/spring-framework-bom/5.2.0.BUILD-SNAPSHOT/maven-metadata.xml
2019-06-23 21:15:37,510 [DefaultMetadataResolver-2-0] INFO  o.e.m.c.i.e.AbstractTransferListenerAdapter - Downloaded https://repo.spring.io/snapshot/org/springframework/spring-framework-bom/5.2.0.BUILD-SNAPSHOT/maven-metadata.xml
2019-06-23 21:15:37,658 [Worker-8] INFO  o.e.m.c.i.e.AbstractTransferListenerAdapter - Downloading https://repo.spring.io/snapshot/org/springframework/spring-framework-bom/5.2.0.BUILD-SNAPSHOT/spring-framework-bom-5.2.0.BUILD-20190623.163258-482.pom
2019-06-23 21:15:37,806 [Worker-8] INFO  o.e.m.c.i.e.AbstractTransferListenerAdapter - Downloaded https://repo.spring.io/snapshot/org/springframework/spring-framework-bom/5.2.0.BUILD-SNAPSHOT/spring-framework-bom-5.2.0.BUILD-20190623.163258-482.pom
2019-06-23 21:15:37,951 [Worker-8] INFO  o.e.m.c.i.e.AbstractTransferListenerAdapter - Downloaded https://repo.spring.io/snapshot/org/springframework/data/spring-data-releasetrain/Moore-RC1/spring-data-releasetrain-Moore-RC1.pom
2019-06-23 21:15:38,201 [Worker-8] INFO  o.e.m.c.i.e.AbstractTransferListenerAdapter - Downloading https://repo.spring.io/milestone/org/springframework/data/spring-data-releasetrain/Moore-RC1/spring-data-releasetrain-Moore-RC1.pom
2019-06-23 21:15:38,380 [Worker-8] INFO  o.e.m.c.i.e.AbstractTransferListenerAdapter - Downloaded https://repo.spring.io/milestone/org/springframework/data/spring-data-releasetrain/Moore-RC1/spring-data-releasetrain-Moore-RC1.pom
2019-06-23 21:15:38,655 [Worker-8] INFO  o.e.m.c.i.e.AbstractTransferListenerAdapter - Downloaded https://repo.spring.io/snapshot/org/springframework/data/build/spring-data-build/2.2.0.RC1/spring-data-build-2.2.0.RC1.pom
2019-06-23 21:15:38,812 [Worker-8] INFO  o.e.m.c.i.e.AbstractTransferListenerAdapter - Downloading https://repo.spring.io/milestone/org/springframework/data/build/spring-data-build/2.2.0.RC1/spring-data-build-2.2.0.RC1.pom
2019-06-23 21:15:38,982 [Worker-8] INFO  o.e.m.c.i.e.AbstractTransferListenerAdapter - Downloaded https://repo.spring.io/milestone/org/springframework/data/build/spring-data-build/2.2.0.RC1/spring-data-build-2.2.0.RC1.pom
2019-06-23 21:15:39,291 [Worker-8] INFO  o.e.m.c.i.e.AbstractTransferListenerAdapter - Downloaded https://repo.spring.io/snapshot/org/springframework/integration/spring-integration-bom/5.2.0.M3/spring-integration-bom-5.2.0.M3.pom
2019-06-23 21:15:39,449 [Worker-8] INFO  o.e.m.c.i.e.AbstractTransferListenerAdapter - Downloading https://repo.spring.io/milestone/org/springframework/integration/spring-integration-bom/5.2.0.M3/spring-integration-bom-5.2.0.M3.pom
2019-06-23 21:15:39,629 [Worker-8] INFO  o.e.m.c.i.e.AbstractTransferListenerAdapter - Downloaded https://repo.spring.io/milestone/org/springframework/integration/spring-integration-bom/5.2.0.M3/spring-integration-bom-5.2.0.M3.pom
2019-06-23 21:15:39,883 [Worker-8] INFO  o.e.m.c.i.e.AbstractTransferListenerAdapter - Downloaded https://repo.spring.io/snapshot/org/springframework/security/spring-security-bom/5.2.0.M3/spring-security-bom-5.2.0.M3.pom
2019-06-23 21:15:40,028 [Worker-8] INFO  o.e.m.c.i.e.AbstractTransferListenerAdapter - Downloading https://repo.spring.io/milestone/org/springframework/security/spring-security-bom/5.2.0.M3/spring-security-bom-5.2.0.M3.pom
2019-06-23 21:15:40,189 [Worker-8] INFO  o.e.m.c.i.e.AbstractTransferListenerAdapter - Downloaded https://repo.spring.io/milestone/org/springframework/security/spring-security-bom/5.2.0.M3/spring-security-bom-5.2.0.M3.pom
2019-06-23 21:15:40,448 [Worker-8] INFO  o.e.m.c.i.e.AbstractTransferListenerAdapter - Downloaded https://repo.spring.io/snapshot/org/springframework/session/spring-session-bom/Corn-M2/spring-session-bom-Corn-M2.pom
2019-06-23 21:15:40,607 [Worker-8] INFO  o.e.m.c.i.e.AbstractTransferListenerAdapter - Downloading https://repo.spring.io/milestone/org/springframework/session/spring-session-bom/Corn-M2/spring-session-bom-Corn-M2.pom
2019-06-23 21:15:40,788 [Worker-8] INFO  o.e.m.c.i.e.AbstractTransferListenerAdapter - Downloaded https://repo.spring.io/milestone/org/springframework/session/spring-session-bom/Corn-M2/spring-session-bom-Corn-M2.pom
2019-06-23 21:15:41,435 [DefaultMetadataResolver-3-1] INFO  o.e.m.c.i.e.AbstractTransferListenerAdapter - Downloaded https://repo.spring.io/milestone/org/springframework/boot/spring-boot-maven-plugin/2.2.0.BUILD-SNAPSHOT/maven-metadata.xml
2019-06-23 21:15:41,503 [DefaultMetadataResolver-3-0] INFO  o.e.m.c.i.e.AbstractTransferListenerAdapter - Downloading https://repo.spring.io/snapshot/org/springframework/boot/spring-boot-maven-plugin/2.2.0.BUILD-SNAPSHOT/maven-metadata.xml
2019-06-23 21:15:41,653 [DefaultMetadataResolver-3-0] INFO  o.e.m.c.i.e.AbstractTransferListenerAdapter - Downloaded https://repo.spring.io/snapshot/org/springframework/boot/spring-boot-maven-plugin/2.2.0.BUILD-SNAPSHOT/maven-metadata.xml
2019-06-23 21:15:41,803 [Worker-8] INFO  o.e.m.c.i.e.AbstractTransferListenerAdapter - Downloading https://repo.spring.io/snapshot/org/springframework/boot/spring-boot-maven-plugin/2.2.0.BUILD-SNAPSHOT/spring-boot-maven-plugin-2.2.0.BUILD-20190621.200855-381.pom
2019-06-23 21:15:41,965 [Worker-8] INFO  o.e.m.c.i.e.AbstractTransferListenerAdapter - Downloaded https://repo.spring.io/snapshot/org/springframework/boot/spring-boot-maven-plugin/2.2.0.BUILD-SNAPSHOT/spring-boot-maven-plugin-2.2.0.BUILD-20190621.200855-381.pom
2019-06-23 21:15:42,128 [DefaultMetadataResolver-4-0] INFO  o.e.m.c.i.e.AbstractTransferListenerAdapter - Downloading https://repo.spring.io/snapshot/org/springframework/boot/spring-boot-tools/2.2.0.BUILD-SNAPSHOT/maven-metadata.xml
2019-06-23 21:15:42,211 [DefaultMetadataResolver-4-1] INFO  o.e.m.c.i.e.AbstractTransferListenerAdapter - Downloaded https://repo.spring.io/milestone/org/springframework/boot/spring-boot-tools/2.2.0.BUILD-SNAPSHOT/maven-metadata.xml
2019-06-23 21:15:42,281 [DefaultMetadataResolver-4-0] INFO  o.e.m.c.i.e.AbstractTransferListenerAdapter - Downloaded https://repo.spring.io/snapshot/org/springframework/boot/spring-boot-tools/2.2.0.BUILD-SNAPSHOT/maven-metadata.xml
2019-06-23 21:15:42,429 [Worker-8] INFO  o.e.m.c.i.e.AbstractTransferListenerAdapter - Downloading https://repo.spring.io/snapshot/org/springframework/boot/spring-boot-tools/2.2.0.BUILD-SNAPSHOT/spring-boot-tools-2.2.0.BUILD-20190621.200934-381.pom
2019-06-23 21:15:42,591 [Worker-8] INFO  o.e.m.c.i.e.AbstractTransferListenerAdapter - Downloaded https://repo.spring.io/snapshot/org/springframework/boot/spring-boot-tools/2.2.0.BUILD-SNAPSHOT/spring-boot-tools-2.2.0.BUILD-20190621.200934-381.pom
2019-06-23 21:15:42,783 [DefaultMetadataResolver-5-0] INFO  o.e.m.c.i.e.AbstractTransferListenerAdapter - Downloading https://repo.spring.io/snapshot/org/springframework/boot/spring-boot-parent/2.2.0.BUILD-SNAPSHOT/maven-metadata.xml
2019-06-23 21:15:42,856 [DefaultMetadataResolver-5-1] INFO  o.e.m.c.i.e.AbstractTransferListenerAdapter - Downloaded https://repo.spring.io/milestone/org/springframework/boot/spring-boot-parent/2.2.0.BUILD-SNAPSHOT/maven-metadata.xml
2019-06-23 21:15:42,936 [DefaultMetadataResolver-5-0] INFO  o.e.m.c.i.e.AbstractTransferListenerAdapter - Downloaded https://repo.spring.io/snapshot/org/springframework/boot/spring-boot-parent/2.2.0.BUILD-SNAPSHOT/maven-metadata.xml
2019-06-23 21:15:43,082 [Worker-8] INFO  o.e.m.c.i.e.AbstractTransferListenerAdapter - Downloading https://repo.spring.io/snapshot/org/springframework/boot/spring-boot-parent/2.2.0.BUILD-SNAPSHOT/spring-boot-parent-2.2.0.BUILD-20190621.200857-381.pom
2019-06-23 21:15:43,252 [Worker-8] INFO  o.e.m.c.i.e.AbstractTransferListenerAdapter - Downloaded https://repo.spring.io/snapshot/org/springframework/boot/spring-boot-parent/2.2.0.BUILD-SNAPSHOT/spring-boot-parent-2.2.0.BUILD-20190621.200857-381.pom
2019-06-23 21:15:43,552 [Worker-8] INFO  o.e.m.c.i.e.AbstractTransferListenerAdapter - Downloading https://repo.spring.io/snapshot/org/springframework/boot/spring-boot-maven-plugin/2.2.0.BUILD-SNAPSHOT/spring-boot-maven-plugin-2.2.0.BUILD-20190621.200855-381.jar
2019-06-23 21:15:43,918 [Worker-8] INFO  o.e.m.c.i.e.AbstractTransferListenerAdapter - Downloaded https://repo.spring.io/snapshot/org/springframework/boot/spring-boot-maven-plugin/2.2.0.BUILD-SNAPSHOT/spring-boot-maven-plugin-2.2.0.BUILD-20190621.200855-381.jar
2019-06-23 21:15:48,018 [Worker-8] INFO  o.e.m.c.i.l.LifecycleMappingFactory - Using org.eclipse.m2e.jdt.JarLifecycleMapping lifecycle mapping for MavenProject: udemy.unittesting.spring.boot.episode.zero:com.java.udemy.unittesting.spring.boot.episode.zero:0.0.1-SNAPSHOT @ C:\Users\nelson.dias\Desktop\projects\spring\udemy.unittesting.spring.boot.projectzero\pom.xml.
2019-06-23 21:15:48,182 [DefaultMetadataResolver-6-0] INFO  o.e.m.c.i.e.AbstractTransferListenerAdapter - Downloading https://repo.spring.io/snapshot/org/springframework/boot/spring-boot-starter-actuator/2.2.0.BUILD-SNAPSHOT/maven-metadata.xml
